<?xml version="1.0" encoding="UTF-8"?>
<!-- Generated by org.testng.reporters.JUnitXMLReporter -->
<testsuite hostname="DESKTOP-S5GH85J" ignored="12" name="Test" tests="4" failures="0" timestamp="14 Jan 2019 16:50:24 GMT" time="251.422" errors="0">
  <testcase name="seachaBrand" time="31.108" classname="testcases.Sheet2_SearchaModel"/>
  <testcase name="seachaBrand" time="36.309" classname="testcases.Sheet2_SearchwithKeyWords"/>
  <testcase name="seachaBrand" time="28.433" classname="testcases.Sheet2_SearchaBrand"/>
  <testcase name="seachaBrand" time="26.969" classname="testcases.Sheet2_SearchWithInvalidKeyword"/>
  <testcase name="@AfterSuite zipFolder" time="0.0" classname="utils.Reporter">
    <ignored/>
  </testcase> <!-- @AfterSuite zipFolder -->
  <testcase name="@AfterSuite zipFolder" time="0.0" classname="utils.Reporter">
    <ignored/>
  </testcase> <!-- @AfterSuite zipFolder -->
  <testcase name="@AfterSuite zipFolder" time="0.0" classname="utils.Reporter">
    <ignored/>
  </testcase> <!-- @AfterSuite zipFolder -->
  <testcase name="@AfterTest afterTest" time="0.0" classname="wdMethods.ProjectMethods">
    <ignored/>
  </testcase> <!-- @AfterTest afterTest -->
  <testcase name="@AfterTest afterTest" time="0.0" classname="wdMethods.ProjectMethods">
    <ignored/>
  </testcase> <!-- @AfterTest afterTest -->
  <testcase name="@AfterTest afterTest" time="0.0" classname="wdMethods.ProjectMethods">
    <ignored/>
  </testcase> <!-- @AfterTest afterTest -->
  <testcase name="@BeforeSuite beforeSuite" time="0.0" classname="wdMethods.ProjectMethods">
    <ignored/>
  </testcase> <!-- @BeforeSuite beforeSuite -->
  <testcase name="@BeforeSuite beforeSuite" time="0.0" classname="wdMethods.ProjectMethods">
    <ignored/>
  </testcase> <!-- @BeforeSuite beforeSuite -->
  <testcase name="@BeforeSuite beforeSuite" time="0.0" classname="wdMethods.ProjectMethods">
    <ignored/>
  </testcase> <!-- @BeforeSuite beforeSuite -->
  <testcase name="@AfterSuite afterSuite" time="0.0" classname="wdMethods.ProjectMethods">
    <ignored/>
  </testcase> <!-- @AfterSuite afterSuite -->
  <testcase name="@AfterSuite afterSuite" time="0.0" classname="wdMethods.ProjectMethods">
    <ignored/>
  </testcase> <!-- @AfterSuite afterSuite -->
  <testcase name="@AfterSuite afterSuite" time="0.0" classname="wdMethods.ProjectMethods">
    <ignored/>
  </testcase> <!-- @AfterSuite afterSuite -->
</testsuite> <!-- Test -->
